#! /usr/bin/vvp
:ivl_version "10.1 (stable)";
:ivl_delay_selection "TYPICAL";
:vpi_time_precision - 12;
:vpi_module "system";
:vpi_module "vhdl_sys";
:vpi_module "v2005_math";
:vpi_module "va_math";
S_0x55f56c2587a0 .scope module, "tb" "tb" 2 2;
 .timescale -9 -12;
v0x55f56c279300_0 .var "clk", 0 0;
v0x55f56c2793c0_0 .net "led_1", 0 0, v0x55f56c278970_0;  1 drivers
v0x55f56c279490_0 .net "led_2", 0 0, v0x55f56c278a10_0;  1 drivers
v0x55f56c279590_0 .net "led_3", 0 0, v0x55f56c278ad0_0;  1 drivers
v0x55f56c279660_0 .net "led_4", 0 0, v0x55f56c278be0_0;  1 drivers
v0x55f56c279700_0 .net "led_5", 0 0, v0x55f56c278ca0_0;  1 drivers
v0x55f56c2797d0_0 .net "led_6", 0 0, v0x55f56c278d60_0;  1 drivers
v0x55f56c2798a0_0 .net "led_7", 0 0, v0x55f56c278e20_0;  1 drivers
v0x55f56c279970_0 .var "number", 3 0;
v0x55f56c279a40_0 .var "rst", 0 0;
S_0x55f56c258920 .scope module, "light" "light_7" 2 20, 3 1 0, S_0x55f56c2587a0;
 .timescale 0 0;
    .port_info 0 /INPUT 1 "clk"
    .port_info 1 /INPUT 1 "rst"
    .port_info 2 /INPUT 4 "number"
    .port_info 3 /OUTPUT 1 "led_1"
    .port_info 4 /OUTPUT 1 "led_2"
    .port_info 5 /OUTPUT 1 "led_3"
    .port_info 6 /OUTPUT 1 "led_4"
    .port_info 7 /OUTPUT 1 "led_5"
    .port_info 8 /OUTPUT 1 "led_6"
    .port_info 9 /OUTPUT 1 "led_7"
v0x55f56c258bf0_0 .net "clk", 0 0, v0x55f56c279300_0;  1 drivers
v0x55f56c278890_0 .var "count", 24 0;
v0x55f56c278970_0 .var "led_1", 0 0;
v0x55f56c278a10_0 .var "led_2", 0 0;
v0x55f56c278ad0_0 .var "led_3", 0 0;
v0x55f56c278be0_0 .var "led_4", 0 0;
v0x55f56c278ca0_0 .var "led_5", 0 0;
v0x55f56c278d60_0 .var "led_6", 0 0;
v0x55f56c278e20_0 .var "led_7", 0 0;
v0x55f56c278ee0_0 .net "number", 3 0, v0x55f56c279970_0;  1 drivers
v0x55f56c278fc0_0 .net "rst", 0 0, v0x55f56c279a40_0;  1 drivers
v0x55f56c279080_0 .var "state", 3 0;
E_0x55f56c23e560 .event edge, v0x55f56c278fc0_0, v0x55f56c278ee0_0;
E_0x55f56c23ddc0 .event posedge, v0x55f56c258bf0_0;
    .scope S_0x55f56c258920;
T_0 ;
    %wait E_0x55f56c23ddc0;
    %load/vec4 v0x55f56c278890_0;
    %cmpi/e 2500000, 0, 25;
    %jmp/0xz  T_0.0, 4;
    %pushi/vec4 0, 0, 25;
    %assign/vec4 v0x55f56c278890_0, 0;
    %load/vec4 v0x55f56c279080_0;
    %addi 1, 0, 4;
    %assign/vec4 v0x55f56c279080_0, 0;
    %jmp T_0.1;
T_0.0 ;
    %load/vec4 v0x55f56c278890_0;
    %addi 1, 0, 25;
    %assign/vec4 v0x55f56c278890_0, 0;
T_0.1 ;
    %jmp T_0;
    .thread T_0;
    .scope S_0x55f56c258920;
T_1 ;
    %wait E_0x55f56c23e560;
    %load/vec4 v0x55f56c278fc0_0;
    %flag_set/vec4 8;
    %jmp/0xz  T_1.0, 8;
    %pushi/vec4 0, 0, 1;
    %assign/vec4 v0x55f56c278970_0, 0;
    %pushi/vec4 0, 0, 1;
    %assign/vec4 v0x55f56c278a10_0, 0;
    %pushi/vec4 0, 0, 1;
    %assign/vec4 v0x55f56c278ad0_0, 0;
    %pushi/vec4 0, 0, 1;
    %assign/vec4 v0x55f56c278be0_0, 0;
    %pushi/vec4 0, 0, 1;
    %assign/vec4 v0x55f56c278ca0_0, 0;
    %pushi/vec4 0, 0, 1;
    %assign/vec4 v0x55f56c278d60_0, 0;
    %pushi/vec4 0, 0, 1;
    %assign/vec4 v0x55f56c278e20_0, 0;
    %jmp T_1.1;
T_1.0 ;
    %load/vec4 v0x55f56c278ee0_0;
    %dup/vec4;
    %pushi/vec4 1, 0, 4;
    %cmp/u;
    %jmp/1 T_1.2, 6;
    %dup/vec4;
    %pushi/vec4 2, 0, 4;
    %cmp/u;
    %jmp/1 T_1.3, 6;
    %dup/vec4;
    %pushi/vec4 3, 0, 4;
    %cmp/u;
    %jmp/1 T_1.4, 6;
    %dup/vec4;
    %pushi/vec4 4, 0, 4;
    %cmp/u;
    %jmp/1 T_1.5, 6;
    %dup/vec4;
    %pushi/vec4 5, 0, 4;
    %cmp/u;
    %jmp/1 T_1.6, 6;
    %dup/vec4;
    %pushi/vec4 6, 0, 4;
    %cmp/u;
    %jmp/1 T_1.7, 6;
    %dup/vec4;
    %pushi/vec4 7, 0, 4;
    %cmp/u;
    %jmp/1 T_1.8, 6;
    %dup/vec4;
    %pushi/vec4 8, 0, 4;
    %cmp/u;
    %jmp/1 T_1.9, 6;
    %dup/vec4;
    %pushi/vec4 9, 0, 4;
    %cmp/u;
    %jmp/1 T_1.10, 6;
    %pushi/vec4 0, 0, 4;
    %assign/vec4 v0x55f56c279080_0, 0;
    %jmp T_1.12;
T_1.2 ;
    %pushi/vec4 1, 0, 1;
    %assign/vec4 v0x55f56c278970_0, 0;
    %pushi/vec4 0, 0, 1;
    %assign/vec4 v0x55f56c278a10_0, 0;
    %pushi/vec4 0, 0, 1;
    %assign/vec4 v0x55f56c278ad0_0, 0;
    %pushi/vec4 1, 0, 1;
    %assign/vec4 v0x55f56c278be0_0, 0;
    %pushi/vec4 1, 0, 1;
    %assign/vec4 v0x55f56c278ca0_0, 0;
    %pushi/vec4 1, 0, 1;
    %assign/vec4 v0x55f56c278d60_0, 0;
    %pushi/vec4 1, 0, 1;
    %assign/vec4 v0x55f56c278e20_0, 0;
    %jmp T_1.12;
T_1.3 ;
    %pushi/vec4 0, 0, 1;
    %assign/vec4 v0x55f56c278970_0, 0;
    %pushi/vec4 0, 0, 1;
    %assign/vec4 v0x55f56c278a10_0, 0;
    %pushi/vec4 1, 0, 1;
    %assign/vec4 v0x55f56c278ad0_0, 0;
    %pushi/vec4 0, 0, 1;
    %assign/vec4 v0x55f56c278be0_0, 0;
    %pushi/vec4 0, 0, 1;
    %assign/vec4 v0x55f56c278ca0_0, 0;
    %pushi/vec4 1, 0, 1;
    %assign/vec4 v0x55f56c278d60_0, 0;
    %pushi/vec4 0, 0, 1;
    %assign/vec4 v0x55f56c278e20_0, 0;
    %jmp T_1.12;
T_1.4 ;
    %pushi/vec4 0, 0, 1;
    %assign/vec4 v0x55f56c278970_0, 0;
    %pushi/vec4 0, 0, 1;
    %assign/vec4 v0x55f56c278a10_0, 0;
    %pushi/vec4 0, 0, 1;
    %assign/vec4 v0x55f56c278ad0_0, 0;
    %pushi/vec4 0, 0, 1;
    %assign/vec4 v0x55f56c278be0_0, 0;
    %pushi/vec4 1, 0, 1;
    %assign/vec4 v0x55f56c278ca0_0, 0;
    %pushi/vec4 1, 0, 1;
    %assign/vec4 v0x55f56c278d60_0, 0;
    %pushi/vec4 0, 0, 1;
    %assign/vec4 v0x55f56c278e20_0, 0;
    %jmp T_1.12;
T_1.5 ;
    %pushi/vec4 1, 0, 1;
    %assign/vec4 v0x55f56c278970_0, 0;
    %pushi/vec4 0, 0, 1;
    %assign/vec4 v0x55f56c278a10_0, 0;
    %pushi/vec4 0, 0, 1;
    %assign/vec4 v0x55f56c278ad0_0, 0;
    %pushi/vec4 1, 0, 1;
    %assign/vec4 v0x55f56c278be0_0, 0;
    %pushi/vec4 0, 0, 1;
    %assign/vec4 v0x55f56c278ca0_0, 0;
    %pushi/vec4 1, 0, 1;
    %assign/vec4 v0x55f56c278d60_0, 0;
    %pushi/vec4 1, 0, 1;
    %assign/vec4 v0x55f56c278e20_0, 0;
    %jmp T_1.12;
T_1.6 ;
    %pushi/vec4 0, 0, 1;
    %assign/vec4 v0x55f56c278970_0, 0;
    %pushi/vec4 1, 0, 1;
    %assign/vec4 v0x55f56c278a10_0, 0;
    %pushi/vec4 0, 0, 1;
    %assign/vec4 v0x55f56c278ad0_0, 0;
    %pushi/vec4 1, 0, 1;
    %assign/vec4 v0x55f56c278be0_0, 0;
    %pushi/vec4 0, 0, 1;
    %assign/vec4 v0x55f56c278ca0_0, 0;
    %pushi/vec4 0, 0, 1;
    %assign/vec4 v0x55f56c278d60_0, 0;
    %pushi/vec4 0, 0, 1;
    %assign/vec4 v0x55f56c278e20_0, 0;
    %jmp T_1.12;
T_1.7 ;
    %pushi/vec4 0, 0, 1;
    %assign/vec4 v0x55f56c278970_0, 0;
    %pushi/vec4 1, 0, 1;
    %assign/vec4 v0x55f56c278a10_0, 0;
    %pushi/vec4 0, 0, 1;
    %assign/vec4 v0x55f56c278ad0_0, 0;
    %pushi/vec4 0, 0, 1;
    %assign/vec4 v0x55f56c278be0_0, 0;
    %pushi/vec4 0, 0, 1;
    %assign/vec4 v0x55f56c278ca0_0, 0;
    %pushi/vec4 0, 0, 1;
    %assign/vec4 v0x55f56c278d60_0, 0;
    %pushi/vec4 0, 0, 1;
    %assign/vec4 v0x55f56c278e20_0, 0;
    %jmp T_1.12;
T_1.8 ;
    %pushi/vec4 0, 0, 1;
    %assign/vec4 v0x55f56c278970_0, 0;
    %pushi/vec4 0, 0, 1;
    %assign/vec4 v0x55f56c278a10_0, 0;
    %pushi/vec4 0, 0, 1;
    %assign/vec4 v0x55f56c278ad0_0, 0;
    %pushi/vec4 1, 0, 1;
    %assign/vec4 v0x55f56c278be0_0, 0;
    %pushi/vec4 1, 0, 1;
    %assign/vec4 v0x55f56c278ca0_0, 0;
    %pushi/vec4 1, 0, 1;
    %assign/vec4 v0x55f56c278d60_0, 0;
    %pushi/vec4 1, 0, 1;
    %assign/vec4 v0x55f56c278e20_0, 0;
    %jmp T_1.12;
T_1.9 ;
    %pushi/vec4 0, 0, 1;
    %assign/vec4 v0x55f56c278970_0, 0;
    %pushi/vec4 0, 0, 1;
    %assign/vec4 v0x55f56c278a10_0, 0;
    %pushi/vec4 0, 0, 1;
    %assign/vec4 v0x55f56c278ad0_0, 0;
    %pushi/vec4 0, 0, 1;
    %assign/vec4 v0x55f56c278be0_0, 0;
    %pushi/vec4 0, 0, 1;
    %assign/vec4 v0x55f56c278ca0_0, 0;
    %pushi/vec4 0, 0, 1;
    %assign/vec4 v0x55f56c278d60_0, 0;
    %pushi/vec4 0, 0, 1;
    %assign/vec4 v0x55f56c278e20_0, 0;
    %jmp T_1.12;
T_1.10 ;
    %pushi/vec4 0, 0, 1;
    %assign/vec4 v0x55f56c278970_0, 0;
    %pushi/vec4 0, 0, 1;
    %assign/vec4 v0x55f56c278a10_0, 0;
    %pushi/vec4 0, 0, 1;
    %assign/vec4 v0x55f56c278ad0_0, 0;
    %pushi/vec4 0, 0, 1;
    %assign/vec4 v0x55f56c278be0_0, 0;
    %pushi/vec4 1, 0, 1;
    %assign/vec4 v0x55f56c278ca0_0, 0;
    %pushi/vec4 0, 0, 1;
    %assign/vec4 v0x55f56c278d60_0, 0;
    %pushi/vec4 0, 0, 1;
    %assign/vec4 v0x55f56c278e20_0, 0;
    %jmp T_1.12;
T_1.12 ;
    %pop/vec4 1;
T_1.1 ;
    %jmp T_1;
    .thread T_1, $push;
    .scope S_0x55f56c2587a0;
T_2 ;
    %vpi_call 2 16 "$dumpfile", "tb.vcd" {0 0 0};
    %vpi_call 2 17 "$dumpvars" {0 0 0};
    %end;
    .thread T_2;
    .scope S_0x55f56c2587a0;
T_3 ;
    %delay 10000, 0;
    %load/vec4 v0x55f56c279300_0;
    %inv;
    %store/vec4 v0x55f56c279300_0, 0, 1;
    %jmp T_3;
    .thread T_3;
    .scope S_0x55f56c2587a0;
T_4 ;
    %pushi/vec4 0, 0, 1;
    %store/vec4 v0x55f56c279300_0, 0, 1;
    %pushi/vec4 1, 0, 1;
    %store/vec4 v0x55f56c279a40_0, 0, 1;
    %pushi/vec4 0, 0, 4;
    %store/vec4 v0x55f56c279970_0, 0, 4;
    %delay 10000, 0;
    %pushi/vec4 0, 0, 1;
    %store/vec4 v0x55f56c279a40_0, 0, 1;
    %delay 10000, 0;
    %pushi/vec4 1, 0, 4;
    %store/vec4 v0x55f56c279970_0, 0, 4;
    %delay 10000, 0;
    %pushi/vec4 2, 0, 4;
    %store/vec4 v0x55f56c279970_0, 0, 4;
    %delay 10000, 0;
    %pushi/vec4 3, 0, 4;
    %store/vec4 v0x55f56c279970_0, 0, 4;
    %delay 10000, 0;
    %pushi/vec4 4, 0, 4;
    %store/vec4 v0x55f56c279970_0, 0, 4;
    %delay 10000, 0;
    %pushi/vec4 5, 0, 4;
    %store/vec4 v0x55f56c279970_0, 0, 4;
    %delay 10000, 0;
    %pushi/vec4 6, 0, 4;
    %store/vec4 v0x55f56c279970_0, 0, 4;
    %delay 10000, 0;
    %pushi/vec4 7, 0, 4;
    %store/vec4 v0x55f56c279970_0, 0, 4;
    %delay 10000, 0;
    %pushi/vec4 8, 0, 4;
    %store/vec4 v0x55f56c279970_0, 0, 4;
    %delay 10000, 0;
    %pushi/vec4 9, 0, 4;
    %store/vec4 v0x55f56c279970_0, 0, 4;
    %delay 100000, 0;
    %vpi_call 2 54 "$finish" {0 0 0};
    %end;
    .thread T_4;
# The file index is used to find the file name in the following table.
:file_names 4;
    "N/A";
    "<interactive>";
    "tb.v";
    "light_7.v";
