#! /usr/bin/vvp
:ivl_version "10.1 (stable)";
:ivl_delay_selection "TYPICAL";
:vpi_time_precision - 12;
:vpi_module "system";
:vpi_module "vhdl_sys";
:vpi_module "v2005_math";
:vpi_module "va_math";
S_0x5625ade75480 .scope module, "counter_tb" "counter_tb" 2 2;
 .timescale -9 -12;
P_0x5625ade73db0 .param/l "SIZE" 0 2 3, +C4<00000000000000000000000000001000>;
v0x5625ade95ba0_0 .var "clk", 0 0;
v0x5625ade95c60_0 .net "count", 7 0, v0x5625ade956b0_0;  1 drivers
v0x5625ade95d00_0 .var "enable", 0 0;
v0x5625ade95dd0_0 .var "load", 7 0;
v0x5625ade95ea0_0 .var "reset", 0 0;
v0x5625ade95f90_0 .var "up", 0 0;
E_0x5625ade6be90/0 .event edge, v0x5625ade95910_0, v0x5625ade95790_0, v0x5625ade95830_0, v0x5625ade95a20_0;
E_0x5625ade6be90/1 .event edge, v0x5625ade956b0_0;
E_0x5625ade6be90 .event/or E_0x5625ade6be90/0, E_0x5625ade6be90/1;
S_0x5625ade75600 .scope module, "c1" "counter" 2 8, 3 1 0, S_0x5625ade75480;
 .timescale -9 -12;
    .port_info 0 /INPUT 1 "reset"
    .port_info 1 /INPUT 1 "clk"
    .port_info 2 /INPUT 1 "up_down"
    .port_info 3 /INPUT 1 "enable"
    .port_info 4 /INPUT 8 "load"
    .port_info 5 /OUTPUT 8 "count"
P_0x5625ade757d0 .param/l "size" 0 3 3, +C4<00000000000000000000000000001000>;
v0x5625ade75910_0 .net "clk", 0 0, v0x5625ade95ba0_0;  1 drivers
v0x5625ade956b0_0 .var "count", 7 0;
v0x5625ade95790_0 .net "enable", 0 0, v0x5625ade95d00_0;  1 drivers
v0x5625ade95830_0 .net "load", 7 0, v0x5625ade95dd0_0;  1 drivers
v0x5625ade95910_0 .net "reset", 0 0, v0x5625ade95ea0_0;  1 drivers
v0x5625ade95a20_0 .net "up_down", 0 0, v0x5625ade95f90_0;  1 drivers
E_0x5625ade6bc70 .event posedge, v0x5625ade75910_0;
    .scope S_0x5625ade75600;
T_0 ;
    %wait E_0x5625ade6bc70;
    %load/vec4 v0x5625ade95910_0;
    %flag_set/vec4 8;
    %jmp/0xz  T_0.0, 8;
    %pushi/vec4 0, 0, 8;
    %assign/vec4 v0x5625ade956b0_0, 0;
T_0.0 ;
    %load/vec4 v0x5625ade95790_0;
    %flag_set/vec4 8;
    %jmp/0xz  T_0.2, 8;
    %load/vec4 v0x5625ade95830_0;
    %cmpi/ne 0, 0, 8;
    %jmp/0xz  T_0.4, 4;
    %load/vec4 v0x5625ade95830_0;
    %assign/vec4 v0x5625ade956b0_0, 0;
    %jmp T_0.5;
T_0.4 ;
    %load/vec4 v0x5625ade95a20_0;
    %flag_set/vec4 8;
    %jmp/0xz  T_0.6, 8;
    %load/vec4 v0x5625ade956b0_0;
    %addi 1, 0, 8;
    %assign/vec4 v0x5625ade956b0_0, 0;
    %jmp T_0.7;
T_0.6 ;
    %load/vec4 v0x5625ade956b0_0;
    %subi 1, 0, 8;
    %assign/vec4 v0x5625ade956b0_0, 0;
T_0.7 ;
T_0.5 ;
T_0.2 ;
    %jmp T_0;
    .thread T_0;
    .scope S_0x5625ade75480;
T_1 ;
    %vpi_call 2 11 "$dumpfile", "v.vcd" {0 0 0};
    %vpi_call 2 12 "$dumpvars" {0 0 0};
    %end;
    .thread T_1;
    .scope S_0x5625ade75480;
T_2 ;
    %pushi/vec4 0, 0, 1;
    %store/vec4 v0x5625ade95ea0_0, 0, 1;
    %pushi/vec4 1, 0, 1;
    %store/vec4 v0x5625ade95d00_0, 0, 1;
    %pushi/vec4 1, 0, 1;
    %store/vec4 v0x5625ade95f90_0, 0, 1;
    %end;
    .thread T_2;
    .scope S_0x5625ade75480;
T_3 ;
    %pushi/vec4 0, 0, 1;
    %store/vec4 v0x5625ade95ba0_0, 0, 1;
    %pushi/vec4 50, 0, 32;
T_3.0 %dup/vec4;
    %pushi/vec4 0, 0, 32;
    %cmp/s;
    %jmp/1xz T_3.1, 5;
    %jmp/1 T_3.1, 4;
    %pushi/vec4 1, 0, 32;
    %sub;
    %delay 3000, 0;
    %load/vec4 v0x5625ade95ba0_0;
    %inv;
    %store/vec4 v0x5625ade95ba0_0, 0, 1;
    %jmp T_3.0;
T_3.1 ;
    %pop/vec4 1;
    %end;
    .thread T_3;
    .scope S_0x5625ade75480;
T_4 ;
    %wait E_0x5625ade6be90;
    %delay 5000, 0;
    %pushi/vec4 5, 0, 8;
    %store/vec4 v0x5625ade95dd0_0, 0, 8;
    %vpi_call 2 30 "$display", "reset = %b,enable = %d,load = %d, up = %b,count = %d", v0x5625ade95ea0_0, v0x5625ade95d00_0, v0x5625ade95dd0_0, v0x5625ade95f90_0, v0x5625ade95c60_0 {0 0 0};
    %delay 10000, 0;
    %pushi/vec4 0, 0, 1;
    %store/vec4 v0x5625ade95d00_0, 0, 1;
    %delay 15000, 0;
    %pushi/vec4 31, 0, 8;
    %store/vec4 v0x5625ade95dd0_0, 0, 8;
    %vpi_call 2 33 "$display", "reset = %b,enable = %d,load = %d, up = %b,count = %d", v0x5625ade95ea0_0, v0x5625ade95d00_0, v0x5625ade95dd0_0, v0x5625ade95f90_0, v0x5625ade95c60_0 {0 0 0};
    %delay 20000, 0;
    %pushi/vec4 1, 0, 1;
    %store/vec4 v0x5625ade95d00_0, 0, 1;
    %delay 25000, 0;
    %pushi/vec4 15, 0, 8;
    %store/vec4 v0x5625ade95dd0_0, 0, 8;
    %vpi_call 2 36 "$display", "reset = %b,enable = %d,load = %d, up = %b,count = %d", v0x5625ade95ea0_0, v0x5625ade95d00_0, v0x5625ade95dd0_0, v0x5625ade95f90_0, v0x5625ade95c60_0 {0 0 0};
    %delay 30000, 0;
    %pushi/vec4 0, 0, 1;
    %store/vec4 v0x5625ade95f90_0, 0, 1;
    %vpi_call 2 38 "$display", "reset = %b,enable = %d,load = %d, up = %b,count = %d", v0x5625ade95ea0_0, v0x5625ade95d00_0, v0x5625ade95dd0_0, v0x5625ade95f90_0, v0x5625ade95c60_0 {0 0 0};
    %delay 35000, 0;
    %pushi/vec4 1, 0, 1;
    %store/vec4 v0x5625ade95ea0_0, 0, 1;
    %delay 50000, 0;
    %vpi_call 2 40 "$display", "reset = %b,enable = %d,load = %d, up = %b,count = %d", v0x5625ade95ea0_0, v0x5625ade95d00_0, v0x5625ade95dd0_0, v0x5625ade95f90_0, v0x5625ade95c60_0 {0 0 0};
    %jmp T_4;
    .thread T_4, $push;
# The file index is used to find the file name in the following table.
:file_names 4;
    "N/A";
    "<interactive>";
    "counter_tb.v";
    "counter.v";
